2024-02-22T13:27:06.144+08:00  INFO 21032 --- [restartedMain] sean.springbootaopdemo.Application       : Starting Application using Java 21.0.1 with PID 21032 (D:\Documents\Spring Boot AOP\springboot-aop-demo\target\classes started by Sean in D:\Documents\Spring Boot AOP\springboot-aop-demo)
2024-02-22T13:27:06.145+08:00  INFO 21032 --- [restartedMain] sean.springbootaopdemo.Application       : No active profile set, falling back to 1 default profile: "default"
2024-02-22T13:27:06.270+08:00  INFO 21032 --- [restartedMain] .s.d.r.c.RepositoryConfigurationDelegate : Bootstrapping Spring Data JPA repositories in DEFAULT mode.
2024-02-22T13:27:06.282+08:00  INFO 21032 --- [restartedMain] .s.d.r.c.RepositoryConfigurationDelegate : Finished Spring Data repository scanning in 8 ms. Found 1 JPA repository interface.
2024-02-22T13:27:06.399+08:00  INFO 21032 --- [restartedMain] o.s.b.w.embedded.tomcat.TomcatWebServer  : Tomcat initialized with port 8080 (http)
2024-02-22T13:27:06.399+08:00  INFO 21032 --- [restartedMain] o.apache.catalina.core.StandardService   : Starting service [Tomcat]
2024-02-22T13:27:06.399+08:00  INFO 21032 --- [restartedMain] o.apache.catalina.core.StandardEngine    : Starting Servlet engine: [Apache Tomcat/10.1.18]
2024-02-22T13:27:06.419+08:00  INFO 21032 --- [restartedMain] o.a.c.c.C.[Tomcat].[localhost].[/]       : Initializing Spring embedded WebApplicationContext
2024-02-22T13:27:06.419+08:00  INFO 21032 --- [restartedMain] w.s.c.ServletWebServerApplicationContext : Root WebApplicationContext: initialization completed in 272 ms
2024-02-22T13:27:06.485+08:00  INFO 21032 --- [restartedMain] o.hibernate.jpa.internal.util.LogHelper  : HHH000204: Processing PersistenceUnitInfo [name: default]
2024-02-22T13:27:06.485+08:00  INFO 21032 --- [restartedMain] o.h.c.internal.RegionFactoryInitiator    : HHH000026: Second-level cache disabled
2024-02-22T13:27:06.498+08:00  INFO 21032 --- [restartedMain] o.s.o.j.p.SpringPersistenceUnitInfo      : No LoadTimeWeaver setup: ignoring JPA class transformer
2024-02-22T13:27:06.500+08:00  INFO 21032 --- [restartedMain] com.zaxxer.hikari.HikariDataSource       : HikariPool-2 - Starting...
2024-02-22T13:27:06.518+08:00  INFO 21032 --- [restartedMain] com.zaxxer.hikari.pool.HikariPool        : HikariPool-2 - Added connection com.mysql.cj.jdbc.ConnectionImpl@7aecec5f
2024-02-22T13:27:06.519+08:00  INFO 21032 --- [restartedMain] com.zaxxer.hikari.HikariDataSource       : HikariPool-2 - Start completed.
2024-02-22T13:27:06.520+08:00  WARN 21032 --- [restartedMain] org.hibernate.orm.deprecation            : HHH90000025: MySQLDialect does not need to be specified explicitly using 'hibernate.dialect' (remove the property setting and it will be selected by default)
2024-02-22T13:27:06.551+08:00  INFO 21032 --- [restartedMain] o.h.e.t.j.p.i.JtaPlatformInitiator       : HHH000489: No JTA platform available (set 'hibernate.transaction.jta.platform' to enable JTA platform integration)
2024-02-22T13:27:06.600+08:00  INFO 21032 --- [restartedMain] j.LocalContainerEntityManagerFactoryBean : Initialized JPA EntityManagerFactory for persistence unit 'default'
2024-02-22T13:27:06.770+08:00  WARN 21032 --- [restartedMain] JpaBaseConfiguration$JpaWebConfiguration : spring.jpa.open-in-view is enabled by default. Therefore, database queries may be performed during view rendering. Explicitly configure spring.jpa.open-in-view to disable this warning
2024-02-22T13:27:06.993+08:00  INFO 21032 --- [restartedMain] o.s.b.d.a.OptionalLiveReloadServer       : LiveReload server is running on port 35729
2024-02-22T13:27:07.014+08:00  INFO 21032 --- [restartedMain] o.s.b.w.embedded.tomcat.TomcatWebServer  : Tomcat started on port 8080 (http) with context path ''
2024-02-22T13:27:07.019+08:00  INFO 21032 --- [restartedMain] sean.springbootaopdemo.Application       : Started Application in 0.931 seconds (process running for 290.191)
2024-02-22T13:27:07.019+08:00  INFO 21032 --- [restartedMain] s.s.aspect.LoggingAspect                 : Request: TestDataLoader.run() with arguments: [[]]
2024-02-22T13:27:07.019+08:00  INFO 21032 --- [restartedMain] s.s.aspect.LoggingAspect                 : Request: ProductServiceImpl.addProduct() with arguments: [{"productId":null,"productName":"Product 1","price":10.0}]
2024-02-22T13:27:07.019+08:00  INFO 21032 --- [restartedMain] s.s.aspect.LoggingAspect                 : Request: $Proxy126.save() with arguments: [{"productId":null,"productName":"Product 1","price":10.0}]
2024-02-22T13:27:07.035+08:00  INFO 21032 --- [restartedMain] s.s.aspect.LoggingAspect                 : Response: $Proxy126.save() with response: {"productId":1,"productName":"Product 1","price":10.0}
2024-02-22T13:27:07.035+08:00  INFO 21032 --- [restartedMain] s.s.aspect.LoggingAspect                 : Response: ProductServiceImpl.addProduct() with response: {"productId":1,"productName":"Product 1","price":10.0}
2024-02-22T13:27:07.035+08:00  INFO 21032 --- [restartedMain] s.s.aspect.LoggingAspect                 : Request: ProductServiceImpl.addProduct() with arguments: [{"productId":null,"productName":"Product 2","price":20.0}]
2024-02-22T13:27:07.035+08:00  INFO 21032 --- [restartedMain] s.s.aspect.LoggingAspect                 : Request: $Proxy126.save() with arguments: [{"productId":null,"productName":"Product 2","price":20.0}]
2024-02-22T13:27:07.051+08:00  INFO 21032 --- [restartedMain] s.s.aspect.LoggingAspect                 : Response: $Proxy126.save() with response: {"productId":2,"productName":"Product 2","price":20.0}
2024-02-22T13:27:07.053+08:00  INFO 21032 --- [restartedMain] s.s.aspect.LoggingAspect                 : Response: ProductServiceImpl.addProduct() with response: {"productId":2,"productName":"Product 2","price":20.0}
2024-02-22T13:27:07.054+08:00  INFO 21032 --- [restartedMain] s.s.aspect.LoggingAspect                 : Request: ProductServiceImpl.addProduct() with arguments: [{"productId":null,"productName":"Product 3","price":30.0}]
2024-02-22T13:27:07.054+08:00  INFO 21032 --- [restartedMain] s.s.aspect.LoggingAspect                 : Request: $Proxy126.save() with arguments: [{"productId":null,"productName":"Product 3","price":30.0}]
2024-02-22T13:27:07.055+08:00  INFO 21032 --- [restartedMain] s.s.aspect.LoggingAspect                 : Response: $Proxy126.save() with response: {"productId":3,"productName":"Product 3","price":30.0}
2024-02-22T13:27:07.055+08:00  INFO 21032 --- [restartedMain] s.s.aspect.LoggingAspect                 : Response: ProductServiceImpl.addProduct() with response: {"productId":3,"productName":"Product 3","price":30.0}
2024-02-22T13:27:07.055+08:00  INFO 21032 --- [restartedMain] s.s.aspect.LoggingAspect                 : Request: ProductServiceImpl.addProduct() with arguments: [{"productId":null,"productName":"Product 4","price":40.0}]
2024-02-22T13:27:07.055+08:00  INFO 21032 --- [restartedMain] s.s.aspect.LoggingAspect                 : Request: $Proxy126.save() with arguments: [{"productId":null,"productName":"Product 4","price":40.0}]
2024-02-22T13:27:07.064+08:00  INFO 21032 --- [restartedMain] s.s.aspect.LoggingAspect                 : Response: $Proxy126.save() with response: {"productId":4,"productName":"Product 4","price":40.0}
2024-02-22T13:27:07.065+08:00  INFO 21032 --- [restartedMain] s.s.aspect.LoggingAspect                 : Response: ProductServiceImpl.addProduct() with response: {"productId":4,"productName":"Product 4","price":40.0}
2024-02-22T13:27:07.066+08:00  INFO 21032 --- [restartedMain] s.s.aspect.LoggingAspect                 : Request: ProductServiceImpl.addProduct() with arguments: [{"productId":null,"productName":"Product 5","price":50.0}]
2024-02-22T13:27:07.066+08:00  INFO 21032 --- [restartedMain] s.s.aspect.LoggingAspect                 : Request: $Proxy126.save() with arguments: [{"productId":null,"productName":"Product 5","price":50.0}]
2024-02-22T13:27:07.069+08:00  INFO 21032 --- [restartedMain] s.s.aspect.LoggingAspect                 : Response: $Proxy126.save() with response: {"productId":5,"productName":"Product 5","price":50.0}
2024-02-22T13:27:07.069+08:00  INFO 21032 --- [restartedMain] s.s.aspect.LoggingAspect                 : Response: ProductServiceImpl.addProduct() with response: {"productId":5,"productName":"Product 5","price":50.0}
2024-02-22T13:27:07.069+08:00  INFO 21032 --- [restartedMain] s.s.aspect.LoggingAspect                 : Request: ProductServiceImpl.addProduct() with arguments: [{"productId":null,"productName":"Product 6","price":60.0}]
2024-02-22T13:27:07.069+08:00  INFO 21032 --- [restartedMain] s.s.aspect.LoggingAspect                 : Request: $Proxy126.save() with arguments: [{"productId":null,"productName":"Product 6","price":60.0}]
2024-02-22T13:27:07.069+08:00  INFO 21032 --- [restartedMain] s.s.aspect.LoggingAspect                 : Response: $Proxy126.save() with response: {"productId":6,"productName":"Product 6","price":60.0}
2024-02-22T13:27:07.069+08:00  INFO 21032 --- [restartedMain] s.s.aspect.LoggingAspect                 : Response: ProductServiceImpl.addProduct() with response: {"productId":6,"productName":"Product 6","price":60.0}
2024-02-22T13:27:07.069+08:00  INFO 21032 --- [restartedMain] s.s.aspect.LoggingAspect                 : Request: ProductServiceImpl.addProduct() with arguments: [{"productId":null,"productName":"Product 7","price":70.0}]
2024-02-22T13:27:07.069+08:00  INFO 21032 --- [restartedMain] s.s.aspect.LoggingAspect                 : Request: $Proxy126.save() with arguments: [{"productId":null,"productName":"Product 7","price":70.0}]
2024-02-22T13:27:07.082+08:00  INFO 21032 --- [restartedMain] s.s.aspect.LoggingAspect                 : Response: $Proxy126.save() with response: {"productId":7,"productName":"Product 7","price":70.0}
2024-02-22T13:27:07.083+08:00  INFO 21032 --- [restartedMain] s.s.aspect.LoggingAspect                 : Response: ProductServiceImpl.addProduct() with response: {"productId":7,"productName":"Product 7","price":70.0}
2024-02-22T13:27:07.084+08:00  INFO 21032 --- [restartedMain] s.s.aspect.LoggingAspect                 : Request: ProductServiceImpl.addProduct() with arguments: [{"productId":null,"productName":"Product 8","price":80.0}]
2024-02-22T13:27:07.084+08:00  INFO 21032 --- [restartedMain] s.s.aspect.LoggingAspect                 : Request: $Proxy126.save() with arguments: [{"productId":null,"productName":"Product 8","price":80.0}]
2024-02-22T13:27:07.086+08:00  INFO 21032 --- [restartedMain] s.s.aspect.LoggingAspect                 : Response: $Proxy126.save() with response: {"productId":8,"productName":"Product 8","price":80.0}
2024-02-22T13:27:07.086+08:00  INFO 21032 --- [restartedMain] s.s.aspect.LoggingAspect                 : Response: ProductServiceImpl.addProduct() with response: {"productId":8,"productName":"Product 8","price":80.0}
2024-02-22T13:27:07.086+08:00  INFO 21032 --- [restartedMain] s.s.aspect.LoggingAspect                 : Request: ProductServiceImpl.addProduct() with arguments: [{"productId":null,"productName":"Product 9","price":90.0}]
2024-02-22T13:27:07.086+08:00  INFO 21032 --- [restartedMain] s.s.aspect.LoggingAspect                 : Request: $Proxy126.save() with arguments: [{"productId":null,"productName":"Product 9","price":90.0}]
2024-02-22T13:27:07.086+08:00  INFO 21032 --- [restartedMain] s.s.aspect.LoggingAspect                 : Response: $Proxy126.save() with response: {"productId":9,"productName":"Product 9","price":90.0}
2024-02-22T13:27:07.086+08:00  INFO 21032 --- [restartedMain] s.s.aspect.LoggingAspect                 : Response: ProductServiceImpl.addProduct() with response: {"productId":9,"productName":"Product 9","price":90.0}
2024-02-22T13:27:07.086+08:00  INFO 21032 --- [restartedMain] s.s.aspect.LoggingAspect                 : Request: ProductServiceImpl.addProduct() with arguments: [{"productId":null,"productName":"Product 10","price":100.0}]
2024-02-22T13:27:07.086+08:00  INFO 21032 --- [restartedMain] s.s.aspect.LoggingAspect                 : Request: $Proxy126.save() with arguments: [{"productId":null,"productName":"Product 10","price":100.0}]
2024-02-22T13:27:07.099+08:00  INFO 21032 --- [restartedMain] s.s.aspect.LoggingAspect                 : Response: $Proxy126.save() with response: {"productId":10,"productName":"Product 10","price":100.0}
2024-02-22T13:27:07.100+08:00  INFO 21032 --- [restartedMain] s.s.aspect.LoggingAspect                 : Response: ProductServiceImpl.addProduct() with response: {"productId":10,"productName":"Product 10","price":100.0}
2024-02-22T13:27:07.101+08:00  INFO 21032 --- [restartedMain] s.s.aspect.LoggingAspect                 : Response: TestDataLoader.run() with response: null
2024-02-22T13:27:07.102+08:00  INFO 21032 --- [restartedMain] .ConditionEvaluationDeltaLoggingListener : Condition evaluation unchanged
2024-02-22T13:27:12.480+08:00  INFO 21032 --- [File Watcher] rtingClassPathChangeChangedEventListener : Restarting due to 1 class path change (0 additions, 0 deletions, 1 modification)
2024-02-22T13:27:12.486+08:00  INFO 21032 --- [Thread-7] j.LocalContainerEntityManagerFactoryBean : Closing JPA EntityManagerFactory for persistence unit 'default'
2024-02-22T13:27:12.513+08:00  INFO 21032 --- [Thread-7] com.zaxxer.hikari.HikariDataSource       : HikariPool-2 - Shutdown initiated...
2024-02-22T13:27:12.516+08:00  INFO 21032 --- [Thread-7] com.zaxxer.hikari.HikariDataSource       : HikariPool-2 - Shutdown completed.
2024-02-22T13:27:12.579+08:00  INFO 21032 --- [restartedMain] sean.springbootaopdemo.Application       : Starting Application using Java 21.0.1 with PID 21032 (D:\Documents\Spring Boot AOP\springboot-aop-demo\target\classes started by Sean in D:\Documents\Spring Boot AOP\springboot-aop-demo)
2024-02-22T13:27:12.579+08:00  INFO 21032 --- [restartedMain] sean.springbootaopdemo.Application       : No active profile set, falling back to 1 default profile: "default"
2024-02-22T13:27:12.700+08:00  INFO 21032 --- [restartedMain] .s.d.r.c.RepositoryConfigurationDelegate : Bootstrapping Spring Data JPA repositories in DEFAULT mode.
2024-02-22T13:27:12.709+08:00  INFO 21032 --- [restartedMain] .s.d.r.c.RepositoryConfigurationDelegate : Finished Spring Data repository scanning in 7 ms. Found 1 JPA repository interface.
2024-02-22T13:27:12.797+08:00  INFO 21032 --- [restartedMain] o.s.b.w.embedded.tomcat.TomcatWebServer  : Tomcat initialized with port 8080 (http)
2024-02-22T13:27:12.799+08:00  INFO 21032 --- [restartedMain] o.apache.catalina.core.StandardService   : Starting service [Tomcat]
2024-02-22T13:27:12.799+08:00  INFO 21032 --- [restartedMain] o.apache.catalina.core.StandardEngine    : Starting Servlet engine: [Apache Tomcat/10.1.18]
2024-02-22T13:27:12.810+08:00  INFO 21032 --- [restartedMain] o.a.c.c.C.[Tomcat].[localhost].[/]       : Initializing Spring embedded WebApplicationContext
2024-02-22T13:27:12.810+08:00  INFO 21032 --- [restartedMain] w.s.c.ServletWebServerApplicationContext : Root WebApplicationContext: initialization completed in 216 ms
2024-02-22T13:27:12.879+08:00  INFO 21032 --- [restartedMain] o.hibernate.jpa.internal.util.LogHelper  : HHH000204: Processing PersistenceUnitInfo [name: default]
2024-02-22T13:27:12.879+08:00  INFO 21032 --- [restartedMain] o.h.c.internal.RegionFactoryInitiator    : HHH000026: Second-level cache disabled
2024-02-22T13:27:12.879+08:00  INFO 21032 --- [restartedMain] o.s.o.j.p.SpringPersistenceUnitInfo      : No LoadTimeWeaver setup: ignoring JPA class transformer
2024-02-22T13:27:12.879+08:00  INFO 21032 --- [restartedMain] com.zaxxer.hikari.HikariDataSource       : HikariPool-3 - Starting...
2024-02-22T13:27:12.897+08:00  INFO 21032 --- [restartedMain] com.zaxxer.hikari.pool.HikariPool        : HikariPool-3 - Added connection com.mysql.cj.jdbc.ConnectionImpl@4ce58ad6
2024-02-22T13:27:12.897+08:00  INFO 21032 --- [restartedMain] com.zaxxer.hikari.HikariDataSource       : HikariPool-3 - Start completed.
2024-02-22T13:27:12.897+08:00  WARN 21032 --- [restartedMain] org.hibernate.orm.deprecation            : HHH90000025: MySQLDialect does not need to be specified explicitly using 'hibernate.dialect' (remove the property setting and it will be selected by default)
2024-02-22T13:27:12.921+08:00  INFO 21032 --- [restartedMain] o.h.e.t.j.p.i.JtaPlatformInitiator       : HHH000489: No JTA platform available (set 'hibernate.transaction.jta.platform' to enable JTA platform integration)
2024-02-22T13:27:12.947+08:00  INFO 21032 --- [restartedMain] j.LocalContainerEntityManagerFactoryBean : Initialized JPA EntityManagerFactory for persistence unit 'default'
2024-02-22T13:27:13.079+08:00  WARN 21032 --- [restartedMain] JpaBaseConfiguration$JpaWebConfiguration : spring.jpa.open-in-view is enabled by default. Therefore, database queries may be performed during view rendering. Explicitly configure spring.jpa.open-in-view to disable this warning
2024-02-22T13:27:13.254+08:00  INFO 21032 --- [restartedMain] o.s.b.d.a.OptionalLiveReloadServer       : LiveReload server is running on port 35729
2024-02-22T13:27:13.279+08:00  INFO 21032 --- [restartedMain] o.s.b.w.embedded.tomcat.TomcatWebServer  : Tomcat started on port 8080 (http) with context path ''
2024-02-22T13:27:13.279+08:00  INFO 21032 --- [restartedMain] sean.springbootaopdemo.Application       : Started Application in 0.714 seconds (process running for 296.452)
2024-02-22T13:27:13.279+08:00  INFO 21032 --- [restartedMain] s.s.aspect.LoggingAspect                 : Request: TestDataLoader.run() with arguments: [[]]
2024-02-22T13:27:13.279+08:00  INFO 21032 --- [restartedMain] s.s.aspect.LoggingAspect                 : Request: ProductServiceImpl.addProduct() with arguments: [{"productId":null,"productName":"Product 1","price":10.0}]
2024-02-22T13:27:13.279+08:00  INFO 21032 --- [restartedMain] s.s.aspect.LoggingAspect                 : Request: $Proxy130.save() with arguments: [{"productId":null,"productName":"Product 1","price":10.0}]
2024-02-22T13:27:13.296+08:00  INFO 21032 --- [restartedMain] s.s.aspect.LoggingAspect                 : Response: $Proxy130.save() with response: {"productId":1,"productName":"Product 1","price":10.0}
2024-02-22T13:27:13.296+08:00  INFO 21032 --- [restartedMain] s.s.aspect.LoggingAspect                 : Response: ProductServiceImpl.addProduct() with response: {"productId":1,"productName":"Product 1","price":10.0}
2024-02-22T13:27:13.296+08:00  INFO 21032 --- [restartedMain] s.s.aspect.LoggingAspect                 : Request: ProductServiceImpl.addProduct() with arguments: [{"productId":null,"productName":"Product 2","price":20.0}]
2024-02-22T13:27:13.296+08:00  INFO 21032 --- [restartedMain] s.s.aspect.LoggingAspect                 : Request: $Proxy130.save() with arguments: [{"productId":null,"productName":"Product 2","price":20.0}]
2024-02-22T13:27:13.313+08:00  INFO 21032 --- [restartedMain] s.s.aspect.LoggingAspect                 : Response: $Proxy130.save() with response: {"productId":2,"productName":"Product 2","price":20.0}
2024-02-22T13:27:13.314+08:00  INFO 21032 --- [restartedMain] s.s.aspect.LoggingAspect                 : Response: ProductServiceImpl.addProduct() with response: {"productId":2,"productName":"Product 2","price":20.0}
2024-02-22T13:27:13.314+08:00  INFO 21032 --- [restartedMain] s.s.aspect.LoggingAspect                 : Request: ProductServiceImpl.addProduct() with arguments: [{"productId":null,"productName":"Product 3","price":30.0}]
2024-02-22T13:27:13.314+08:00  INFO 21032 --- [restartedMain] s.s.aspect.LoggingAspect                 : Request: $Proxy130.save() with arguments: [{"productId":null,"productName":"Product 3","price":30.0}]
2024-02-22T13:27:13.314+08:00  INFO 21032 --- [restartedMain] s.s.aspect.LoggingAspect                 : Response: $Proxy130.save() with response: {"productId":3,"productName":"Product 3","price":30.0}
2024-02-22T13:27:13.314+08:00  INFO 21032 --- [restartedMain] s.s.aspect.LoggingAspect                 : Response: ProductServiceImpl.addProduct() with response: {"productId":3,"productName":"Product 3","price":30.0}
2024-02-22T13:27:13.314+08:00  INFO 21032 --- [restartedMain] s.s.aspect.LoggingAspect                 : Request: ProductServiceImpl.addProduct() with arguments: [{"productId":null,"productName":"Product 4","price":40.0}]
2024-02-22T13:27:13.314+08:00  INFO 21032 --- [restartedMain] s.s.aspect.LoggingAspect                 : Request: $Proxy130.save() with arguments: [{"productId":null,"productName":"Product 4","price":40.0}]
2024-02-22T13:27:13.328+08:00  INFO 21032 --- [restartedMain] s.s.aspect.LoggingAspect                 : Response: $Proxy130.save() with response: {"productId":4,"productName":"Product 4","price":40.0}
2024-02-22T13:27:13.328+08:00  INFO 21032 --- [restartedMain] s.s.aspect.LoggingAspect                 : Response: ProductServiceImpl.addProduct() with response: {"productId":4,"productName":"Product 4","price":40.0}
2024-02-22T13:27:13.328+08:00  INFO 21032 --- [restartedMain] s.s.aspect.LoggingAspect                 : Request: ProductServiceImpl.addProduct() with arguments: [{"productId":null,"productName":"Product 5","price":50.0}]
2024-02-22T13:27:13.329+08:00  INFO 21032 --- [restartedMain] s.s.aspect.LoggingAspect                 : Request: $Proxy130.save() with arguments: [{"productId":null,"productName":"Product 5","price":50.0}]
2024-02-22T13:27:13.330+08:00  INFO 21032 --- [restartedMain] s.s.aspect.LoggingAspect                 : Response: $Proxy130.save() with response: {"productId":5,"productName":"Product 5","price":50.0}
2024-02-22T13:27:13.330+08:00  INFO 21032 --- [restartedMain] s.s.aspect.LoggingAspect                 : Response: ProductServiceImpl.addProduct() with response: {"productId":5,"productName":"Product 5","price":50.0}
2024-02-22T13:27:13.330+08:00  INFO 21032 --- [restartedMain] s.s.aspect.LoggingAspect                 : Request: ProductServiceImpl.addProduct() with arguments: [{"productId":null,"productName":"Product 6","price":60.0}]
2024-02-22T13:27:13.330+08:00  INFO 21032 --- [restartedMain] s.s.aspect.LoggingAspect                 : Request: $Proxy130.save() with arguments: [{"productId":null,"productName":"Product 6","price":60.0}]
2024-02-22T13:27:13.330+08:00  INFO 21032 --- [restartedMain] s.s.aspect.LoggingAspect                 : Response: $Proxy130.save() with response: {"productId":6,"productName":"Product 6","price":60.0}
2024-02-22T13:27:13.330+08:00  INFO 21032 --- [restartedMain] s.s.aspect.LoggingAspect                 : Response: ProductServiceImpl.addProduct() with response: {"productId":6,"productName":"Product 6","price":60.0}
2024-02-22T13:27:13.330+08:00  INFO 21032 --- [restartedMain] s.s.aspect.LoggingAspect                 : Request: ProductServiceImpl.addProduct() with arguments: [{"productId":null,"productName":"Product 7","price":70.0}]
2024-02-22T13:27:13.330+08:00  INFO 21032 --- [restartedMain] s.s.aspect.LoggingAspect                 : Request: $Proxy130.save() with arguments: [{"productId":null,"productName":"Product 7","price":70.0}]
2024-02-22T13:27:13.345+08:00  INFO 21032 --- [restartedMain] s.s.aspect.LoggingAspect                 : Response: $Proxy130.save() with response: {"productId":7,"productName":"Product 7","price":70.0}
2024-02-22T13:27:13.346+08:00  INFO 21032 --- [restartedMain] s.s.aspect.LoggingAspect                 : Response: ProductServiceImpl.addProduct() with response: {"productId":7,"productName":"Product 7","price":70.0}
2024-02-22T13:27:13.346+08:00  INFO 21032 --- [restartedMain] s.s.aspect.LoggingAspect                 : Request: ProductServiceImpl.addProduct() with arguments: [{"productId":null,"productName":"Product 8","price":80.0}]
2024-02-22T13:27:13.346+08:00  INFO 21032 --- [restartedMain] s.s.aspect.LoggingAspect                 : Request: $Proxy130.save() with arguments: [{"productId":null,"productName":"Product 8","price":80.0}]
2024-02-22T13:27:13.348+08:00  INFO 21032 --- [restartedMain] s.s.aspect.LoggingAspect                 : Response: $Proxy130.save() with response: {"productId":8,"productName":"Product 8","price":80.0}
2024-02-22T13:27:13.348+08:00  INFO 21032 --- [restartedMain] s.s.aspect.LoggingAspect                 : Response: ProductServiceImpl.addProduct() with response: {"productId":8,"productName":"Product 8","price":80.0}
2024-02-22T13:27:13.348+08:00  INFO 21032 --- [restartedMain] s.s.aspect.LoggingAspect                 : Request: ProductServiceImpl.addProduct() with arguments: [{"productId":null,"productName":"Product 9","price":90.0}]
2024-02-22T13:27:13.348+08:00  INFO 21032 --- [restartedMain] s.s.aspect.LoggingAspect                 : Request: $Proxy130.save() with arguments: [{"productId":null,"productName":"Product 9","price":90.0}]
2024-02-22T13:27:13.359+08:00  INFO 21032 --- [restartedMain] s.s.aspect.LoggingAspect                 : Response: $Proxy130.save() with response: {"productId":9,"productName":"Product 9","price":90.0}
2024-02-22T13:27:13.360+08:00  INFO 21032 --- [restartedMain] s.s.aspect.LoggingAspect                 : Response: ProductServiceImpl.addProduct() with response: {"productId":9,"productName":"Product 9","price":90.0}
2024-02-22T13:27:13.360+08:00  INFO 21032 --- [restartedMain] s.s.aspect.LoggingAspect                 : Request: ProductServiceImpl.addProduct() with arguments: [{"productId":null,"productName":"Product 10","price":100.0}]
2024-02-22T13:27:13.361+08:00  INFO 21032 --- [restartedMain] s.s.aspect.LoggingAspect                 : Request: $Proxy130.save() with arguments: [{"productId":null,"productName":"Product 10","price":100.0}]
2024-02-22T13:27:13.365+08:00  INFO 21032 --- [restartedMain] s.s.aspect.LoggingAspect                 : Response: $Proxy130.save() with response: {"productId":10,"productName":"Product 10","price":100.0}
2024-02-22T13:27:13.365+08:00  INFO 21032 --- [restartedMain] s.s.aspect.LoggingAspect                 : Response: ProductServiceImpl.addProduct() with response: {"productId":10,"productName":"Product 10","price":100.0}
2024-02-22T13:27:13.365+08:00  INFO 21032 --- [restartedMain] s.s.aspect.LoggingAspect                 : Response: TestDataLoader.run() with response: null
2024-02-22T13:27:13.365+08:00  INFO 21032 --- [restartedMain] .ConditionEvaluationDeltaLoggingListener : Condition evaluation unchanged
2024-02-22T13:27:31.782+08:00  INFO 21032 --- [SpringApplicationShutdownHook] j.LocalContainerEntityManagerFactoryBean : Closing JPA EntityManagerFactory for persistence unit 'default'
2024-02-22T13:27:31.813+08:00  INFO 21032 --- [SpringApplicationShutdownHook] com.zaxxer.hikari.HikariDataSource       : HikariPool-3 - Shutdown initiated...
2024-02-22T13:27:31.813+08:00  INFO 21032 --- [SpringApplicationShutdownHook] com.zaxxer.hikari.HikariDataSource       : HikariPool-3 - Shutdown completed.
2024-02-22T13:27:47.116+08:00  INFO 19576 --- [restartedMain] sean.springbootaopdemo.Application       : Starting Application using Java 21.0.1 with PID 19576 (D:\Documents\Spring Boot AOP\springboot-aop-demo\target\classes started by Sean in D:\Documents\Spring Boot AOP\springboot-aop-demo)
2024-02-22T13:27:47.116+08:00  INFO 19576 --- [restartedMain] sean.springbootaopdemo.Application       : No active profile set, falling back to 1 default profile: "default"
2024-02-22T13:27:47.168+08:00  INFO 19576 --- [restartedMain] .e.DevToolsPropertyDefaultsPostProcessor : Devtools property defaults active! Set 'spring.devtools.add-properties' to 'false' to disable
2024-02-22T13:27:47.168+08:00  INFO 19576 --- [restartedMain] .e.DevToolsPropertyDefaultsPostProcessor : For additional web related logging consider setting the 'logging.level.web' property to 'DEBUG'
2024-02-22T13:27:47.651+08:00  INFO 19576 --- [restartedMain] .s.d.r.c.RepositoryConfigurationDelegate : Bootstrapping Spring Data JPA repositories in DEFAULT mode.
2024-02-22T13:27:47.702+08:00  INFO 19576 --- [restartedMain] .s.d.r.c.RepositoryConfigurationDelegate : Finished Spring Data repository scanning in 44 ms. Found 1 JPA repository interface.
2024-02-22T13:27:48.293+08:00  INFO 19576 --- [restartedMain] o.s.b.w.embedded.tomcat.TomcatWebServer  : Tomcat initialized with port 8080 (http)
2024-02-22T13:27:48.293+08:00  INFO 19576 --- [restartedMain] o.apache.catalina.core.StandardService   : Starting service [Tomcat]
2024-02-22T13:27:48.293+08:00  INFO 19576 --- [restartedMain] o.apache.catalina.core.StandardEngine    : Starting Servlet engine: [Apache Tomcat/10.1.18]
2024-02-22T13:27:48.349+08:00  INFO 19576 --- [restartedMain] o.a.c.c.C.[Tomcat].[localhost].[/]       : Initializing Spring embedded WebApplicationContext
2024-02-22T13:27:48.349+08:00  INFO 19576 --- [restartedMain] w.s.c.ServletWebServerApplicationContext : Root WebApplicationContext: initialization completed in 1181 ms
2024-02-22T13:27:48.496+08:00  INFO 19576 --- [restartedMain] o.hibernate.jpa.internal.util.LogHelper  : HHH000204: Processing PersistenceUnitInfo [name: default]
2024-02-22T13:27:48.530+08:00  INFO 19576 --- [restartedMain] org.hibernate.Version                    : HHH000412: Hibernate ORM core version 6.4.1.Final
2024-02-22T13:27:48.564+08:00  INFO 19576 --- [restartedMain] o.h.c.internal.RegionFactoryInitiator    : HHH000026: Second-level cache disabled
2024-02-22T13:27:48.714+08:00  INFO 19576 --- [restartedMain] o.s.o.j.p.SpringPersistenceUnitInfo      : No LoadTimeWeaver setup: ignoring JPA class transformer
2024-02-22T13:27:48.747+08:00  INFO 19576 --- [restartedMain] com.zaxxer.hikari.HikariDataSource       : HikariPool-1 - Starting...
2024-02-22T13:27:49.011+08:00  INFO 19576 --- [restartedMain] com.zaxxer.hikari.pool.HikariPool        : HikariPool-1 - Added connection com.mysql.cj.jdbc.ConnectionImpl@5e2791a6
2024-02-22T13:27:49.027+08:00  INFO 19576 --- [restartedMain] com.zaxxer.hikari.HikariDataSource       : HikariPool-1 - Start completed.
2024-02-22T13:27:49.063+08:00  WARN 19576 --- [restartedMain] org.hibernate.orm.deprecation            : HHH90000025: MySQLDialect does not need to be specified explicitly using 'hibernate.dialect' (remove the property setting and it will be selected by default)
2024-02-22T13:27:49.700+08:00  INFO 19576 --- [restartedMain] o.h.e.t.j.p.i.JtaPlatformInitiator       : HHH000489: No JTA platform available (set 'hibernate.transaction.jta.platform' to enable JTA platform integration)
2024-02-22T13:27:49.784+08:00  INFO 19576 --- [restartedMain] j.LocalContainerEntityManagerFactoryBean : Initialized JPA EntityManagerFactory for persistence unit 'default'
2024-02-22T13:27:50.123+08:00  WARN 19576 --- [restartedMain] JpaBaseConfiguration$JpaWebConfiguration : spring.jpa.open-in-view is enabled by default. Therefore, database queries may be performed during view rendering. Explicitly configure spring.jpa.open-in-view to disable this warning
2024-02-22T13:27:50.483+08:00  INFO 19576 --- [restartedMain] o.s.b.d.a.OptionalLiveReloadServer       : LiveReload server is running on port 35729
2024-02-22T13:27:50.514+08:00  INFO 19576 --- [restartedMain] o.s.b.w.embedded.tomcat.TomcatWebServer  : Tomcat started on port 8080 (http) with context path ''
2024-02-22T13:27:50.532+08:00  INFO 19576 --- [restartedMain] sean.springbootaopdemo.Application       : Started Application in 3.785 seconds (process running for 4.153)
2024-02-22T13:27:50.551+08:00  INFO 19576 --- [restartedMain] s.s.aspect.LoggingAspect                 : Request: TestDataLoader.run() with arguments: [[]]
2024-02-22T13:27:50.582+08:00  INFO 19576 --- [restartedMain] s.s.aspect.LoggingAspect                 : Request: ProductServiceImpl.addProduct() with arguments: [{"productId":null,"productName":"Product 1","price":10.0}]
2024-02-22T13:27:50.584+08:00  INFO 19576 --- [restartedMain] s.s.aspect.LoggingAspect                 : Request: $Proxy117.save() with arguments: [{"productId":null,"productName":"Product 1","price":10.0}]
2024-02-22T13:27:50.650+08:00  INFO 19576 --- [restartedMain] s.s.aspect.LoggingAspect                 : Response: $Proxy117.save() with response: {"productId":1,"productName":"Product 1","price":10.0}
2024-02-22T13:27:50.650+08:00  INFO 19576 --- [restartedMain] s.s.aspect.LoggingAspect                 : Response: ProductServiceImpl.addProduct() with response: {"productId":1,"productName":"Product 1","price":10.0}
2024-02-22T13:27:50.662+08:00  INFO 19576 --- [restartedMain] s.s.aspect.LoggingAspect                 : Request: ProductServiceImpl.addProduct() with arguments: [{"productId":null,"productName":"Product 2","price":20.0}]
2024-02-22T13:27:50.663+08:00  INFO 19576 --- [restartedMain] s.s.aspect.LoggingAspect                 : Request: $Proxy117.save() with arguments: [{"productId":null,"productName":"Product 2","price":20.0}]
2024-02-22T13:27:50.668+08:00  INFO 19576 --- [restartedMain] s.s.aspect.LoggingAspect                 : Response: $Proxy117.save() with response: {"productId":2,"productName":"Product 2","price":20.0}
2024-02-22T13:27:50.668+08:00  INFO 19576 --- [restartedMain] s.s.aspect.LoggingAspect                 : Response: ProductServiceImpl.addProduct() with response: {"productId":2,"productName":"Product 2","price":20.0}
2024-02-22T13:27:50.678+08:00  INFO 19576 --- [restartedMain] s.s.aspect.LoggingAspect                 : Request: ProductServiceImpl.addProduct() with arguments: [{"productId":null,"productName":"Product 3","price":30.0}]
2024-02-22T13:27:50.679+08:00  INFO 19576 --- [restartedMain] s.s.aspect.LoggingAspect                 : Request: $Proxy117.save() with arguments: [{"productId":null,"productName":"Product 3","price":30.0}]
2024-02-22T13:27:50.684+08:00  INFO 19576 --- [restartedMain] s.s.aspect.LoggingAspect                 : Response: $Proxy117.save() with response: {"productId":3,"productName":"Product 3","price":30.0}
2024-02-22T13:27:50.684+08:00  INFO 19576 --- [restartedMain] s.s.aspect.LoggingAspect                 : Response: ProductServiceImpl.addProduct() with response: {"productId":3,"productName":"Product 3","price":30.0}
2024-02-22T13:27:50.684+08:00  INFO 19576 --- [restartedMain] s.s.aspect.LoggingAspect                 : Request: ProductServiceImpl.addProduct() with arguments: [{"productId":null,"productName":"Product 4","price":40.0}]
2024-02-22T13:27:50.684+08:00  INFO 19576 --- [restartedMain] s.s.aspect.LoggingAspect                 : Request: $Proxy117.save() with arguments: [{"productId":null,"productName":"Product 4","price":40.0}]
2024-02-22T13:27:50.695+08:00  INFO 19576 --- [restartedMain] s.s.aspect.LoggingAspect                 : Response: $Proxy117.save() with response: {"productId":4,"productName":"Product 4","price":40.0}
2024-02-22T13:27:50.695+08:00  INFO 19576 --- [restartedMain] s.s.aspect.LoggingAspect                 : Response: ProductServiceImpl.addProduct() with response: {"productId":4,"productName":"Product 4","price":40.0}
2024-02-22T13:27:50.696+08:00  INFO 19576 --- [restartedMain] s.s.aspect.LoggingAspect                 : Request: ProductServiceImpl.addProduct() with arguments: [{"productId":null,"productName":"Product 5","price":50.0}]
2024-02-22T13:27:50.697+08:00  INFO 19576 --- [restartedMain] s.s.aspect.LoggingAspect                 : Request: $Proxy117.save() with arguments: [{"productId":null,"productName":"Product 5","price":50.0}]
2024-02-22T13:27:50.702+08:00  INFO 19576 --- [restartedMain] s.s.aspect.LoggingAspect                 : Response: $Proxy117.save() with response: {"productId":5,"productName":"Product 5","price":50.0}
2024-02-22T13:27:50.702+08:00  INFO 19576 --- [restartedMain] s.s.aspect.LoggingAspect                 : Response: ProductServiceImpl.addProduct() with response: {"productId":5,"productName":"Product 5","price":50.0}
2024-02-22T13:27:50.702+08:00  INFO 19576 --- [restartedMain] s.s.aspect.LoggingAspect                 : Request: ProductServiceImpl.addProduct() with arguments: [{"productId":null,"productName":"Product 6","price":60.0}]
2024-02-22T13:27:50.702+08:00  INFO 19576 --- [restartedMain] s.s.aspect.LoggingAspect                 : Request: $Proxy117.save() with arguments: [{"productId":null,"productName":"Product 6","price":60.0}]
2024-02-22T13:27:50.712+08:00  INFO 19576 --- [restartedMain] s.s.aspect.LoggingAspect                 : Response: $Proxy117.save() with response: {"productId":6,"productName":"Product 6","price":60.0}
2024-02-22T13:27:50.713+08:00  INFO 19576 --- [restartedMain] s.s.aspect.LoggingAspect                 : Response: ProductServiceImpl.addProduct() with response: {"productId":6,"productName":"Product 6","price":60.0}
2024-02-22T13:27:50.713+08:00  INFO 19576 --- [restartedMain] s.s.aspect.LoggingAspect                 : Request: ProductServiceImpl.addProduct() with arguments: [{"productId":null,"productName":"Product 7","price":70.0}]
2024-02-22T13:27:50.714+08:00  INFO 19576 --- [restartedMain] s.s.aspect.LoggingAspect                 : Request: $Proxy117.save() with arguments: [{"productId":null,"productName":"Product 7","price":70.0}]
2024-02-22T13:27:50.717+08:00  INFO 19576 --- [restartedMain] s.s.aspect.LoggingAspect                 : Response: $Proxy117.save() with response: {"productId":7,"productName":"Product 7","price":70.0}
2024-02-22T13:27:50.717+08:00  INFO 19576 --- [restartedMain] s.s.aspect.LoggingAspect                 : Response: ProductServiceImpl.addProduct() with response: {"productId":7,"productName":"Product 7","price":70.0}
2024-02-22T13:27:50.717+08:00  INFO 19576 --- [restartedMain] s.s.aspect.LoggingAspect                 : Request: ProductServiceImpl.addProduct() with arguments: [{"productId":null,"productName":"Product 8","price":80.0}]
2024-02-22T13:27:50.717+08:00  INFO 19576 --- [restartedMain] s.s.aspect.LoggingAspect                 : Request: $Proxy117.save() with arguments: [{"productId":null,"productName":"Product 8","price":80.0}]
2024-02-22T13:27:50.728+08:00  INFO 19576 --- [restartedMain] s.s.aspect.LoggingAspect                 : Response: $Proxy117.save() with response: {"productId":8,"productName":"Product 8","price":80.0}
2024-02-22T13:27:50.729+08:00  INFO 19576 --- [restartedMain] s.s.aspect.LoggingAspect                 : Response: ProductServiceImpl.addProduct() with response: {"productId":8,"productName":"Product 8","price":80.0}
2024-02-22T13:27:50.730+08:00  INFO 19576 --- [restartedMain] s.s.aspect.LoggingAspect                 : Request: ProductServiceImpl.addProduct() with arguments: [{"productId":null,"productName":"Product 9","price":90.0}]
2024-02-22T13:27:50.731+08:00  INFO 19576 --- [restartedMain] s.s.aspect.LoggingAspect                 : Request: $Proxy117.save() with arguments: [{"productId":null,"productName":"Product 9","price":90.0}]
2024-02-22T13:27:50.733+08:00  INFO 19576 --- [restartedMain] s.s.aspect.LoggingAspect                 : Response: $Proxy117.save() with response: {"productId":9,"productName":"Product 9","price":90.0}
2024-02-22T13:27:50.733+08:00  INFO 19576 --- [restartedMain] s.s.aspect.LoggingAspect                 : Response: ProductServiceImpl.addProduct() with response: {"productId":9,"productName":"Product 9","price":90.0}
2024-02-22T13:27:50.733+08:00  INFO 19576 --- [restartedMain] s.s.aspect.LoggingAspect                 : Request: ProductServiceImpl.addProduct() with arguments: [{"productId":null,"productName":"Product 10","price":100.0}]
2024-02-22T13:27:50.733+08:00  INFO 19576 --- [restartedMain] s.s.aspect.LoggingAspect                 : Request: $Proxy117.save() with arguments: [{"productId":null,"productName":"Product 10","price":100.0}]
2024-02-22T13:27:50.747+08:00  INFO 19576 --- [restartedMain] s.s.aspect.LoggingAspect                 : Response: $Proxy117.save() with response: {"productId":10,"productName":"Product 10","price":100.0}
2024-02-22T13:27:50.748+08:00  INFO 19576 --- [restartedMain] s.s.aspect.LoggingAspect                 : Response: ProductServiceImpl.addProduct() with response: {"productId":10,"productName":"Product 10","price":100.0}
2024-02-22T13:27:50.749+08:00  INFO 19576 --- [restartedMain] s.s.aspect.LoggingAspect                 : Response: TestDataLoader.run() with response: null
2024-02-22T13:28:08.215+08:00  INFO 19576 --- [http-nio-8080-exec-5] o.a.c.c.C.[Tomcat].[localhost].[/]       : Initializing Spring DispatcherServlet 'dispatcherServlet'
2024-02-22T13:28:08.215+08:00  INFO 19576 --- [http-nio-8080-exec-5] o.s.web.servlet.DispatcherServlet        : Initializing Servlet 'dispatcherServlet'
2024-02-22T13:28:08.215+08:00  INFO 19576 --- [http-nio-8080-exec-5] o.s.web.servlet.DispatcherServlet        : Completed initialization in 0 ms
2024-02-22T13:28:08.234+08:00  INFO 19576 --- [http-nio-8080-exec-5] s.s.aspect.LoggingAspect                 : Request: ProductController.getAllProducts() with arguments: []
2024-02-22T13:28:08.234+08:00  INFO 19576 --- [http-nio-8080-exec-5] s.s.aspect.LoggingAspect                 : Request: ProductServiceImpl.getAllProducts() with arguments: []
2024-02-22T13:28:08.234+08:00  INFO 19576 --- [http-nio-8080-exec-5] s.s.aspect.LoggingAspect                 : Request: $Proxy117.findAll() with arguments: []
2024-02-22T13:28:08.343+08:00  INFO 19576 --- [http-nio-8080-exec-5] s.s.aspect.LoggingAspect                 : Response: $Proxy117.findAll() with response: [{"productId":1,"productName":"Product 1","price":10.0},{"productId":2,"productName":"Product 2","price":20.0},{"productId":3,"productName":"Product 3","price":30.0},{"productId":4,"productName":"Product 4","price":40.0},{"productId":5,"productName":"Product 5","price":50.0},{"productId":6,"productName":"Product 6","price":60.0},{"productId":7,"productName":"Product 7","price":70.0},{"productId":8,"productName":"Product 8","price":80.0},{"productId":9,"productName":"Product 9","price":90.0},{"productId":10,"productName":"Product 10","price":100.0}]
2024-02-22T13:28:08.345+08:00  INFO 19576 --- [http-nio-8080-exec-5] s.s.aspect.LoggingAspect                 : Response: ProductServiceImpl.getAllProducts() with response: [{"productId":1,"productName":"Product 1","price":10.0},{"productId":2,"productName":"Product 2","price":20.0},{"productId":3,"productName":"Product 3","price":30.0},{"productId":4,"productName":"Product 4","price":40.0},{"productId":5,"productName":"Product 5","price":50.0},{"productId":6,"productName":"Product 6","price":60.0},{"productId":7,"productName":"Product 7","price":70.0},{"productId":8,"productName":"Product 8","price":80.0},{"productId":9,"productName":"Product 9","price":90.0},{"productId":10,"productName":"Product 10","price":100.0}]
2024-02-22T13:28:08.346+08:00  INFO 19576 --- [http-nio-8080-exec-5] s.s.aspect.LoggingAspect                 : Response: ProductController.getAllProducts() with response: [{"productId":1,"productName":"Product 1","price":10.0},{"productId":2,"productName":"Product 2","price":20.0},{"productId":3,"productName":"Product 3","price":30.0},{"productId":4,"productName":"Product 4","price":40.0},{"productId":5,"productName":"Product 5","price":50.0},{"productId":6,"productName":"Product 6","price":60.0},{"productId":7,"productName":"Product 7","price":70.0},{"productId":8,"productName":"Product 8","price":80.0},{"productId":9,"productName":"Product 9","price":90.0},{"productId":10,"productName":"Product 10","price":100.0}]
2024-02-22T13:31:24.055+08:00  INFO 19576 --- [SpringApplicationShutdownHook] j.LocalContainerEntityManagerFactoryBean : Closing JPA EntityManagerFactory for persistence unit 'default'
2024-02-22T13:31:24.089+08:00  INFO 19576 --- [SpringApplicationShutdownHook] com.zaxxer.hikari.HikariDataSource       : HikariPool-1 - Shutdown initiated...
2024-02-22T13:31:24.096+08:00  INFO 19576 --- [SpringApplicationShutdownHook] com.zaxxer.hikari.HikariDataSource       : HikariPool-1 - Shutdown completed.
2024-02-22T13:38:28.450+08:00  INFO 6100 --- [restartedMain] sean.springbootaopdemo.Application       : Starting Application using Java 21.0.1 with PID 6100 (D:\Documents\Spring Boot AOP\springboot-aop-demo\target\classes started by Sean in D:\Documents\Spring Boot AOP\springboot-aop-demo)
2024-02-22T13:38:28.452+08:00  INFO 6100 --- [restartedMain] sean.springbootaopdemo.Application       : No active profile set, falling back to 1 default profile: "default"
2024-02-22T13:38:28.497+08:00  INFO 6100 --- [restartedMain] .e.DevToolsPropertyDefaultsPostProcessor : Devtools property defaults active! Set 'spring.devtools.add-properties' to 'false' to disable
2024-02-22T13:38:28.497+08:00  INFO 6100 --- [restartedMain] .e.DevToolsPropertyDefaultsPostProcessor : For additional web related logging consider setting the 'logging.level.web' property to 'DEBUG'
2024-02-22T13:38:28.987+08:00  INFO 6100 --- [restartedMain] .s.d.r.c.RepositoryConfigurationDelegate : Bootstrapping Spring Data JPA repositories in DEFAULT mode.
2024-02-22T13:38:29.043+08:00  INFO 6100 --- [restartedMain] .s.d.r.c.RepositoryConfigurationDelegate : Finished Spring Data repository scanning in 48 ms. Found 1 JPA repository interface.
2024-02-22T13:38:29.613+08:00  INFO 6100 --- [restartedMain] o.s.b.w.embedded.tomcat.TomcatWebServer  : Tomcat initialized with port 8080 (http)
2024-02-22T13:38:29.622+08:00  INFO 6100 --- [restartedMain] o.apache.catalina.core.StandardService   : Starting service [Tomcat]
2024-02-22T13:38:29.623+08:00  INFO 6100 --- [restartedMain] o.apache.catalina.core.StandardEngine    : Starting Servlet engine: [Apache Tomcat/10.1.18]
2024-02-22T13:38:29.666+08:00  INFO 6100 --- [restartedMain] o.a.c.c.C.[Tomcat].[localhost].[/]       : Initializing Spring embedded WebApplicationContext
2024-02-22T13:38:29.667+08:00  INFO 6100 --- [restartedMain] w.s.c.ServletWebServerApplicationContext : Root WebApplicationContext: initialization completed in 1169 ms
2024-02-22T13:38:29.827+08:00  INFO 6100 --- [restartedMain] o.hibernate.jpa.internal.util.LogHelper  : HHH000204: Processing PersistenceUnitInfo [name: default]
2024-02-22T13:38:29.877+08:00  INFO 6100 --- [restartedMain] org.hibernate.Version                    : HHH000412: Hibernate ORM core version 6.4.1.Final
2024-02-22T13:38:29.901+08:00  INFO 6100 --- [restartedMain] o.h.c.internal.RegionFactoryInitiator    : HHH000026: Second-level cache disabled
2024-02-22T13:38:30.068+08:00  INFO 6100 --- [restartedMain] o.s.o.j.p.SpringPersistenceUnitInfo      : No LoadTimeWeaver setup: ignoring JPA class transformer
2024-02-22T13:38:30.085+08:00  INFO 6100 --- [restartedMain] com.zaxxer.hikari.HikariDataSource       : HikariPool-1 - Starting...
2024-02-22T13:38:30.360+08:00  INFO 6100 --- [restartedMain] com.zaxxer.hikari.pool.HikariPool        : HikariPool-1 - Added connection com.mysql.cj.jdbc.ConnectionImpl@1790b84c
2024-02-22T13:38:30.362+08:00  INFO 6100 --- [restartedMain] com.zaxxer.hikari.HikariDataSource       : HikariPool-1 - Start completed.
2024-02-22T13:38:30.407+08:00  WARN 6100 --- [restartedMain] org.hibernate.orm.deprecation            : HHH90000025: MySQLDialect does not need to be specified explicitly using 'hibernate.dialect' (remove the property setting and it will be selected by default)
2024-02-22T13:38:31.021+08:00  INFO 6100 --- [restartedMain] o.h.e.t.j.p.i.JtaPlatformInitiator       : HHH000489: No JTA platform available (set 'hibernate.transaction.jta.platform' to enable JTA platform integration)
2024-02-22T13:38:31.112+08:00  INFO 6100 --- [restartedMain] j.LocalContainerEntityManagerFactoryBean : Initialized JPA EntityManagerFactory for persistence unit 'default'
2024-02-22T13:38:31.436+08:00  WARN 6100 --- [restartedMain] JpaBaseConfiguration$JpaWebConfiguration : spring.jpa.open-in-view is enabled by default. Therefore, database queries may be performed during view rendering. Explicitly configure spring.jpa.open-in-view to disable this warning
2024-02-22T13:38:31.813+08:00  INFO 6100 --- [restartedMain] o.s.b.d.a.OptionalLiveReloadServer       : LiveReload server is running on port 35729
2024-02-22T13:38:31.842+08:00  INFO 6100 --- [restartedMain] o.s.b.w.embedded.tomcat.TomcatWebServer  : Tomcat started on port 8080 (http) with context path ''
2024-02-22T13:38:31.849+08:00  INFO 6100 --- [restartedMain] sean.springbootaopdemo.Application       : Started Application in 3.735 seconds (process running for 4.084)
2024-02-22T13:38:31.870+08:00  INFO 6100 --- [restartedMain] s.s.aspect.LoggingAspect                 : Request: TestDataLoader.run() with arguments: [[]]
2024-02-22T13:38:31.900+08:00  INFO 6100 --- [restartedMain] s.s.aspect.LoggingAspect                 : Request: ProductServiceImpl.addProduct() with arguments: [{"productId":null,"productName":"Product 1","price":10.0}]
2024-02-22T13:38:31.904+08:00  INFO 6100 --- [restartedMain] s.s.aspect.LoggingAspect                 : Request: $Proxy117.save() with arguments: [{"productId":null,"productName":"Product 1","price":10.0}]
2024-02-22T13:38:31.964+08:00  INFO 6100 --- [restartedMain] s.s.aspect.LoggingAspect                 : Response: $Proxy117.save() with response: {"productId":1,"productName":"Product 1","price":10.0}
2024-02-22T13:38:31.965+08:00  INFO 6100 --- [restartedMain] s.s.aspect.LoggingAspect                 : Response: ProductServiceImpl.addProduct() with response: {"productId":1,"productName":"Product 1","price":10.0}
2024-02-22T13:38:31.966+08:00  INFO 6100 --- [restartedMain] s.s.aspect.LoggingAspect                 : Request: ProductServiceImpl.addProduct() with arguments: [{"productId":null,"productName":"Product 2","price":20.0}]
2024-02-22T13:38:31.966+08:00  INFO 6100 --- [restartedMain] s.s.aspect.LoggingAspect                 : Request: $Proxy117.save() with arguments: [{"productId":null,"productName":"Product 2","price":20.0}]
2024-02-22T13:38:31.977+08:00  INFO 6100 --- [restartedMain] s.s.aspect.LoggingAspect                 : Response: $Proxy117.save() with response: {"productId":2,"productName":"Product 2","price":20.0}
2024-02-22T13:38:31.978+08:00  INFO 6100 --- [restartedMain] s.s.aspect.LoggingAspect                 : Response: ProductServiceImpl.addProduct() with response: {"productId":2,"productName":"Product 2","price":20.0}
2024-02-22T13:38:31.978+08:00  INFO 6100 --- [restartedMain] s.s.aspect.LoggingAspect                 : Request: ProductServiceImpl.addProduct() with arguments: [{"productId":null,"productName":"Product 3","price":30.0}]
2024-02-22T13:38:31.979+08:00  INFO 6100 --- [restartedMain] s.s.aspect.LoggingAspect                 : Request: $Proxy117.save() with arguments: [{"productId":null,"productName":"Product 3","price":30.0}]
2024-02-22T13:38:31.985+08:00  INFO 6100 --- [restartedMain] s.s.aspect.LoggingAspect                 : Response: $Proxy117.save() with response: {"productId":3,"productName":"Product 3","price":30.0}
2024-02-22T13:38:31.985+08:00  INFO 6100 --- [restartedMain] s.s.aspect.LoggingAspect                 : Response: ProductServiceImpl.addProduct() with response: {"productId":3,"productName":"Product 3","price":30.0}
2024-02-22T13:38:31.986+08:00  INFO 6100 --- [restartedMain] s.s.aspect.LoggingAspect                 : Request: ProductServiceImpl.addProduct() with arguments: [{"productId":null,"productName":"Product 4","price":40.0}]
2024-02-22T13:38:31.986+08:00  INFO 6100 --- [restartedMain] s.s.aspect.LoggingAspect                 : Request: $Proxy117.save() with arguments: [{"productId":null,"productName":"Product 4","price":40.0}]
2024-02-22T13:38:31.993+08:00  INFO 6100 --- [restartedMain] s.s.aspect.LoggingAspect                 : Response: $Proxy117.save() with response: {"productId":4,"productName":"Product 4","price":40.0}
2024-02-22T13:38:31.993+08:00  INFO 6100 --- [restartedMain] s.s.aspect.LoggingAspect                 : Response: ProductServiceImpl.addProduct() with response: {"productId":4,"productName":"Product 4","price":40.0}
2024-02-22T13:38:31.994+08:00  INFO 6100 --- [restartedMain] s.s.aspect.LoggingAspect                 : Request: ProductServiceImpl.addProduct() with arguments: [{"productId":null,"productName":"Product 5","price":50.0}]
2024-02-22T13:38:31.994+08:00  INFO 6100 --- [restartedMain] s.s.aspect.LoggingAspect                 : Request: $Proxy117.save() with arguments: [{"productId":null,"productName":"Product 5","price":50.0}]
2024-02-22T13:38:32.000+08:00  INFO 6100 --- [restartedMain] s.s.aspect.LoggingAspect                 : Response: $Proxy117.save() with response: {"productId":5,"productName":"Product 5","price":50.0}
2024-02-22T13:38:32.000+08:00  INFO 6100 --- [restartedMain] s.s.aspect.LoggingAspect                 : Response: ProductServiceImpl.addProduct() with response: {"productId":5,"productName":"Product 5","price":50.0}
2024-02-22T13:38:32.001+08:00  INFO 6100 --- [restartedMain] s.s.aspect.LoggingAspect                 : Request: ProductServiceImpl.addProduct() with arguments: [{"productId":null,"productName":"Product 6","price":60.0}]
2024-02-22T13:38:32.002+08:00  INFO 6100 --- [restartedMain] s.s.aspect.LoggingAspect                 : Request: $Proxy117.save() with arguments: [{"productId":null,"productName":"Product 6","price":60.0}]
2024-02-22T13:38:32.009+08:00  INFO 6100 --- [restartedMain] s.s.aspect.LoggingAspect                 : Response: $Proxy117.save() with response: {"productId":6,"productName":"Product 6","price":60.0}
2024-02-22T13:38:32.010+08:00  INFO 6100 --- [restartedMain] s.s.aspect.LoggingAspect                 : Response: ProductServiceImpl.addProduct() with response: {"productId":6,"productName":"Product 6","price":60.0}
2024-02-22T13:38:32.010+08:00  INFO 6100 --- [restartedMain] s.s.aspect.LoggingAspect                 : Request: ProductServiceImpl.addProduct() with arguments: [{"productId":null,"productName":"Product 7","price":70.0}]
2024-02-22T13:38:32.011+08:00  INFO 6100 --- [restartedMain] s.s.aspect.LoggingAspect                 : Request: $Proxy117.save() with arguments: [{"productId":null,"productName":"Product 7","price":70.0}]
2024-02-22T13:38:32.016+08:00  INFO 6100 --- [restartedMain] s.s.aspect.LoggingAspect                 : Response: $Proxy117.save() with response: {"productId":7,"productName":"Product 7","price":70.0}
2024-02-22T13:38:32.017+08:00  INFO 6100 --- [restartedMain] s.s.aspect.LoggingAspect                 : Response: ProductServiceImpl.addProduct() with response: {"productId":7,"productName":"Product 7","price":70.0}
2024-02-22T13:38:32.017+08:00  INFO 6100 --- [restartedMain] s.s.aspect.LoggingAspect                 : Request: ProductServiceImpl.addProduct() with arguments: [{"productId":null,"productName":"Product 8","price":80.0}]
2024-02-22T13:38:32.018+08:00  INFO 6100 --- [restartedMain] s.s.aspect.LoggingAspect                 : Request: $Proxy117.save() with arguments: [{"productId":null,"productName":"Product 8","price":80.0}]
2024-02-22T13:38:32.026+08:00  INFO 6100 --- [restartedMain] s.s.aspect.LoggingAspect                 : Response: $Proxy117.save() with response: {"productId":8,"productName":"Product 8","price":80.0}
2024-02-22T13:38:32.027+08:00  INFO 6100 --- [restartedMain] s.s.aspect.LoggingAspect                 : Response: ProductServiceImpl.addProduct() with response: {"productId":8,"productName":"Product 8","price":80.0}
2024-02-22T13:38:32.027+08:00  INFO 6100 --- [restartedMain] s.s.aspect.LoggingAspect                 : Request: ProductServiceImpl.addProduct() with arguments: [{"productId":null,"productName":"Product 9","price":90.0}]
2024-02-22T13:38:32.028+08:00  INFO 6100 --- [restartedMain] s.s.aspect.LoggingAspect                 : Request: $Proxy117.save() with arguments: [{"productId":null,"productName":"Product 9","price":90.0}]
2024-02-22T13:38:32.033+08:00  INFO 6100 --- [restartedMain] s.s.aspect.LoggingAspect                 : Response: $Proxy117.save() with response: {"productId":9,"productName":"Product 9","price":90.0}
2024-02-22T13:38:32.034+08:00  INFO 6100 --- [restartedMain] s.s.aspect.LoggingAspect                 : Response: ProductServiceImpl.addProduct() with response: {"productId":9,"productName":"Product 9","price":90.0}
2024-02-22T13:38:32.034+08:00  INFO 6100 --- [restartedMain] s.s.aspect.LoggingAspect                 : Request: ProductServiceImpl.addProduct() with arguments: [{"productId":null,"productName":"Product 10","price":100.0}]
2024-02-22T13:38:32.035+08:00  INFO 6100 --- [restartedMain] s.s.aspect.LoggingAspect                 : Request: $Proxy117.save() with arguments: [{"productId":null,"productName":"Product 10","price":100.0}]
2024-02-22T13:38:32.043+08:00  INFO 6100 --- [restartedMain] s.s.aspect.LoggingAspect                 : Response: $Proxy117.save() with response: {"productId":10,"productName":"Product 10","price":100.0}
2024-02-22T13:38:32.044+08:00  INFO 6100 --- [restartedMain] s.s.aspect.LoggingAspect                 : Response: ProductServiceImpl.addProduct() with response: {"productId":10,"productName":"Product 10","price":100.0}
2024-02-22T13:38:32.045+08:00  INFO 6100 --- [restartedMain] s.s.aspect.LoggingAspect                 : Response: TestDataLoader.run() with response: null
2024-02-22T13:40:31.222+08:00  INFO 6100 --- [File Watcher] rtingClassPathChangeChangedEventListener : Restarting due to 1 class path change (1 addition, 0 deletions, 0 modifications)
2024-02-22T13:40:31.222+08:00  INFO 6100 --- [Thread-5] j.LocalContainerEntityManagerFactoryBean : Closing JPA EntityManagerFactory for persistence unit 'default'
2024-02-22T13:40:31.265+08:00  INFO 6100 --- [Thread-5] com.zaxxer.hikari.HikariDataSource       : HikariPool-1 - Shutdown initiated...
2024-02-22T13:40:31.277+08:00  INFO 6100 --- [Thread-5] com.zaxxer.hikari.HikariDataSource       : HikariPool-1 - Shutdown completed.
